{"level":"INFO","service":"basic","tread":"Test worker","class":"com.basic.config.db.MultipleJpaTest","log":"Starting MultipleJpaTest using Java 11 on DESKTOP-KYO with PID 11652 (started by user in D:\\dev-source\\java\\study\\spring-boot\\spring-boot-gradle-multi-module\\basic-api)","timestamp":"2021-12-21T18:27:29.029Z"}
{"level":"INFO","service":"basic","tread":"Test worker","class":"com.basic.config.db.MultipleJpaTest","log":"No active profile set, falling back to default profiles: default","timestamp":"2021-12-21T18:27:29.029Z"}
{"level":"INFO","service":"basic","tread":"Test worker","class":"com.basic.config.db.MultipleJpaTest","log":"Starting MultipleJpaTest using Java 11 on DESKTOP-KYO with PID 11652 (started by user in D:\\dev-source\\java\\study\\spring-boot\\spring-boot-gradle-multi-module\\basic-api)","timestamp":"2021-12-21T18:27:31.031Z"}
{"level":"INFO","service":"basic","tread":"Test worker","class":"com.basic.config.db.MultipleJpaTest","log":"No active profile set, falling back to default profiles: default","timestamp":"2021-12-21T18:27:31.031Z"}
{"level":"INFO","service":"basic","tread":"Test worker","class":"c.b.p.controllers.book.UserApiTests","log":"Starting UserApiTests using Java 11 on DESKTOP-KYO with PID 11652 (started by user in D:\\dev-source\\java\\study\\spring-boot\\spring-boot-gradle-multi-module\\basic-api)","timestamp":"2021-12-21T18:27:31.031Z"}
{"level":"INFO","service":"basic","tread":"Test worker","class":"c.b.p.controllers.book.UserApiTests","log":"No active profile set, falling back to default profiles: default","timestamp":"2021-12-21T18:27:31.031Z"}
{"level":"INFO","service":"basic","tread":"Test worker","class":"c.b.p.controllers.book.UserApiTests","log":"Starting UserApiTests using Java 11 on DESKTOP-KYO with PID 11652 (started by user in D:\\dev-source\\java\\study\\spring-boot\\spring-boot-gradle-multi-module\\basic-api)","timestamp":"2021-12-21T18:27:32.032Z"}
{"level":"INFO","service":"basic","tread":"Test worker","class":"c.b.p.controllers.book.UserApiTests","log":"No active profile set, falling back to default profiles: default","timestamp":"2021-12-21T18:27:32.032Z"}
{"level":"INFO","service":"basic","tread":"Test worker","class":"c.b.p.controllers.book.UserApiTests","log":"Starting UserApiTests using Java 11 on DESKTOP-KYO with PID 11652 (started by user in D:\\dev-source\\java\\study\\spring-boot\\spring-boot-gradle-multi-module\\basic-api)","timestamp":"2021-12-21T18:27:32.032Z"}
{"level":"INFO","service":"basic","tread":"Test worker","class":"c.b.p.controllers.book.UserApiTests","log":"No active profile set, falling back to default profiles: default","timestamp":"2021-12-21T18:27:32.032Z"}
{"level":"INFO","service":"basic","tread":"Test worker","class":"c.b.p.controllers.book.UserApiTests","log":"Starting UserApiTests using Java 11 on DESKTOP-KYO with PID 11652 (started by user in D:\\dev-source\\java\\study\\spring-boot\\spring-boot-gradle-multi-module\\basic-api)","timestamp":"2021-12-21T18:27:32.032Z"}
{"level":"INFO","service":"basic","tread":"Test worker","class":"c.b.p.controllers.book.UserApiTests","log":"No active profile set, falling back to default profiles: default","timestamp":"2021-12-21T18:27:32.032Z"}
{"level":"INFO","service":"basic","tread":"Test worker","class":"c.b.p.controllers.book.UserApiTests","log":"Starting UserApiTests using Java 11 on DESKTOP-KYO with PID 11652 (started by user in D:\\dev-source\\java\\study\\spring-boot\\spring-boot-gradle-multi-module\\basic-api)","timestamp":"2021-12-21T18:27:33.033Z"}
{"level":"INFO","service":"basic","tread":"Test worker","class":"c.b.p.controllers.book.UserApiTests","log":"No active profile set, falling back to default profiles: default","timestamp":"2021-12-21T18:27:33.033Z"}
{"level":"INFO","service":"basic","tread":"Test worker","class":"c.b.p.controllers.common.HelloApiTest","log":"Starting HelloApiTest using Java 11 on DESKTOP-KYO with PID 11652 (started by user in D:\\dev-source\\java\\study\\spring-boot\\spring-boot-gradle-multi-module\\basic-api)","timestamp":"2021-12-21T18:27:33.033Z"}
{"level":"INFO","service":"basic","tread":"Test worker","class":"c.b.p.controllers.common.HelloApiTest","log":"No active profile set, falling back to default profiles: default","timestamp":"2021-12-21T18:27:33.033Z"}
{"level":"INFO","service":"basic","tread":"Test worker","class":"c.b.p.controllers.common.HelloApiTest","log":"Started HelloApiTest in 0.677 seconds (JVM running for 6.816)","timestamp":"2021-12-21T18:27:34.034Z"}
{"level":"INFO","service":"basic","tread":"Test worker","class":"c.b.c.interceptor.ControllerInterceptor","log":"\r\n===================================================================\r\nRequest Time=18:27:34.556\r\nRequest URL=http://localhost/api/hello/kyo\r\nRequest IP=127.0.0.1\r\nRequest Method=GET\r\nRequest Encoding=UTF-8\r\nkyo(제목)\r\nnull\n0\n\r\nResponse Time=18:27:34.665\r\nElapsed Time=109ms\r\n===================================================================\r\n","timestamp":"2021-12-21T18:27:34.034Z"}
{"level":"INFO","service":"basic","tread":"Test worker","class":"c.b.p.r.book.UserRepositoryTests","log":"Starting UserRepositoryTests using Java 11 on DESKTOP-KYO with PID 11652 (started by user in D:\\dev-source\\java\\study\\spring-boot\\spring-boot-gradle-multi-module\\basic-api)","timestamp":"2021-12-21T18:27:34.034Z"}
{"level":"INFO","service":"basic","tread":"Test worker","class":"c.b.p.r.book.UserRepositoryTests","log":"No active profile set, falling back to default profiles: default","timestamp":"2021-12-21T18:27:34.034Z"}
{"level":"INFO","service":"basic","tread":"Test worker","class":"c.b.p.r.book.UserRepositoryTests","log":"Starting UserRepositoryTests using Java 11 on DESKTOP-KYO with PID 11652 (started by user in D:\\dev-source\\java\\study\\spring-boot\\spring-boot-gradle-multi-module\\basic-api)","timestamp":"2021-12-21T18:27:35.035Z"}
{"level":"INFO","service":"basic","tread":"Test worker","class":"c.b.p.r.book.UserRepositoryTests","log":"No active profile set, falling back to default profiles: default","timestamp":"2021-12-21T18:27:35.035Z"}
{"level":"INFO","service":"basic","tread":"Test worker","class":"com.basic.config.db.MultipleJpaTest","log":"Starting MultipleJpaTest using Java 11 on DESKTOP-KYO with PID 6624 (started by user in D:\\dev-source\\java\\study\\spring-boot\\spring-boot-gradle-multi-module\\basic-api)","timestamp":"2021-12-21T20:34:16.016Z"}
{"level":"INFO","service":"basic","tread":"Test worker","class":"com.basic.config.db.MultipleJpaTest","log":"No active profile set, falling back to default profiles: default","timestamp":"2021-12-21T20:34:16.016Z"}
{"level":"INFO","service":"basic","tread":"Test worker","class":"com.basic.config.db.MultipleJpaTest","log":"Starting MultipleJpaTest using Java 11 on DESKTOP-KYO with PID 6624 (started by user in D:\\dev-source\\java\\study\\spring-boot\\spring-boot-gradle-multi-module\\basic-api)","timestamp":"2021-12-21T20:34:18.018Z"}
{"level":"INFO","service":"basic","tread":"Test worker","class":"com.basic.config.db.MultipleJpaTest","log":"No active profile set, falling back to default profiles: default","timestamp":"2021-12-21T20:34:18.018Z"}
{"level":"INFO","service":"basic","tread":"Test worker","class":"c.b.p.controllers.book.UserApiTests","log":"Starting UserApiTests using Java 11 on DESKTOP-KYO with PID 6624 (started by user in D:\\dev-source\\java\\study\\spring-boot\\spring-boot-gradle-multi-module\\basic-api)","timestamp":"2021-12-21T20:34:18.018Z"}
{"level":"INFO","service":"basic","tread":"Test worker","class":"c.b.p.controllers.book.UserApiTests","log":"No active profile set, falling back to default profiles: default","timestamp":"2021-12-21T20:34:18.018Z"}
{"level":"INFO","service":"basic","tread":"Test worker","class":"c.b.p.controllers.book.UserApiTests","log":"Starting UserApiTests using Java 11 on DESKTOP-KYO with PID 6624 (started by user in D:\\dev-source\\java\\study\\spring-boot\\spring-boot-gradle-multi-module\\basic-api)","timestamp":"2021-12-21T20:34:19.019Z"}
{"level":"INFO","service":"basic","tread":"Test worker","class":"c.b.p.controllers.book.UserApiTests","log":"No active profile set, falling back to default profiles: default","timestamp":"2021-12-21T20:34:19.019Z"}
{"level":"INFO","service":"basic","tread":"Test worker","class":"c.b.p.controllers.book.UserApiTests","log":"Starting UserApiTests using Java 11 on DESKTOP-KYO with PID 6624 (started by user in D:\\dev-source\\java\\study\\spring-boot\\spring-boot-gradle-multi-module\\basic-api)","timestamp":"2021-12-21T20:34:19.019Z"}
{"level":"INFO","service":"basic","tread":"Test worker","class":"c.b.p.controllers.book.UserApiTests","log":"No active profile set, falling back to default profiles: default","timestamp":"2021-12-21T20:34:19.019Z"}
{"level":"INFO","service":"basic","tread":"Test worker","class":"c.b.p.controllers.book.UserApiTests","log":"Starting UserApiTests using Java 11 on DESKTOP-KYO with PID 6624 (started by user in D:\\dev-source\\java\\study\\spring-boot\\spring-boot-gradle-multi-module\\basic-api)","timestamp":"2021-12-21T20:34:19.019Z"}
{"level":"INFO","service":"basic","tread":"Test worker","class":"c.b.p.controllers.book.UserApiTests","log":"No active profile set, falling back to default profiles: default","timestamp":"2021-12-21T20:34:19.019Z"}
{"level":"INFO","service":"basic","tread":"Test worker","class":"c.b.p.controllers.book.UserApiTests","log":"Starting UserApiTests using Java 11 on DESKTOP-KYO with PID 6624 (started by user in D:\\dev-source\\java\\study\\spring-boot\\spring-boot-gradle-multi-module\\basic-api)","timestamp":"2021-12-21T20:34:20.020Z"}
{"level":"INFO","service":"basic","tread":"Test worker","class":"c.b.p.controllers.book.UserApiTests","log":"No active profile set, falling back to default profiles: default","timestamp":"2021-12-21T20:34:20.020Z"}
{"level":"INFO","service":"basic","tread":"Test worker","class":"c.b.p.controllers.common.HelloApiTest","log":"Starting HelloApiTest using Java 11 on DESKTOP-KYO with PID 6624 (started by user in D:\\dev-source\\java\\study\\spring-boot\\spring-boot-gradle-multi-module\\basic-api)","timestamp":"2021-12-21T20:34:20.020Z"}
{"level":"INFO","service":"basic","tread":"Test worker","class":"c.b.p.controllers.common.HelloApiTest","log":"No active profile set, falling back to default profiles: default","timestamp":"2021-12-21T20:34:20.020Z"}
{"level":"INFO","service":"basic","tread":"Test worker","class":"c.b.p.controllers.common.HelloApiTest","log":"Started HelloApiTest in 0.646 seconds (JVM running for 6.794)","timestamp":"2021-12-21T20:34:21.021Z"}
{"level":"ERROR","service":"basic","tread":"Test worker","class":"c.b.c.handler.CommonRestExceptionHandler","log":"defaultExceptionHandler","timestamp":"2021-12-21T20:34:21.021Z","exception":"MethodArgumentTypeMismatchException","rootException":"NumberFormatException"}
{"level":"INFO","service":"basic","tread":"Test worker","class":"c.b.p.r.book.UserRepositoryTests","log":"Starting UserRepositoryTests using Java 11 on DESKTOP-KYO with PID 6624 (started by user in D:\\dev-source\\java\\study\\spring-boot\\spring-boot-gradle-multi-module\\basic-api)","timestamp":"2021-12-21T20:34:21.021Z"}
{"level":"INFO","service":"basic","tread":"Test worker","class":"c.b.p.r.book.UserRepositoryTests","log":"No active profile set, falling back to default profiles: default","timestamp":"2021-12-21T20:34:21.021Z"}
{"level":"INFO","service":"basic","tread":"Test worker","class":"c.b.p.r.book.UserRepositoryTests","log":"Starting UserRepositoryTests using Java 11 on DESKTOP-KYO with PID 6624 (started by user in D:\\dev-source\\java\\study\\spring-boot\\spring-boot-gradle-multi-module\\basic-api)","timestamp":"2021-12-21T20:34:22.022Z"}
{"level":"INFO","service":"basic","tread":"Test worker","class":"c.b.p.r.book.UserRepositoryTests","log":"No active profile set, falling back to default profiles: default","timestamp":"2021-12-21T20:34:22.022Z"}
